\BOOKMARK [1][-]{section.1}{Introduction}{}% 1
\BOOKMARK [2][-]{subsection.1.1}{Abstract}{section.1}% 2
\BOOKMARK [2][-]{subsection.1.2}{Overview of this report}{section.1}% 3
\BOOKMARK [2][-]{subsection.1.3}{Background}{section.1}% 4
\BOOKMARK [2][-]{subsection.1.4}{Abbreviations}{section.1}% 5
\BOOKMARK [1][-]{section.2}{Theroretical background}{}% 6
\BOOKMARK [2][-]{subsection.2.1}{Wireless networks}{section.2}% 7
\BOOKMARK [2][-]{subsection.2.2}{ZigBee}{section.2}% 8
\BOOKMARK [3][-]{subsubsection.2.2.1}{Overview}{subsection.2.2}% 9
\BOOKMARK [3][-]{subsubsection.2.2.2}{Layers}{subsection.2.2}% 10
\BOOKMARK [3][-]{subsubsection.2.2.3}{ZigBee versus other technologies}{subsection.2.2}% 11
\BOOKMARK [2][-]{subsection.2.3}{Database system}{section.2}% 12
\BOOKMARK [3][-]{subsubsection.2.3.1}{The traditional SQL database}{subsection.2.3}% 13
\BOOKMARK [3][-]{subsubsection.2.3.2}{NoSQL databse}{subsection.2.3}% 14
\BOOKMARK [3][-]{subsubsection.2.3.3}{NoSQL versus SQL}{subsection.2.3}% 15
\BOOKMARK [1][-]{section.3}{Design of the harbour system}{}% 16
\BOOKMARK [2][-]{subsection.3.1}{Requirements}{section.3}% 17
\BOOKMARK [2][-]{subsection.3.2}{Acrhitecture}{section.3}% 18
\BOOKMARK [2][-]{subsection.3.3}{Harware}{section.3}% 19
\BOOKMARK [3][-]{subsubsection.3.3.1}{Texas Instruments CC2530 SoC}{subsection.3.3}% 20
\BOOKMARK [3][-]{subsubsection.3.3.2}{FlipDots}{subsection.3.3}% 21
\BOOKMARK [3][-]{subsubsection.3.3.3}{Raspbarry Pi}{subsection.3.3}% 22
\BOOKMARK [3][-]{subsubsection.3.3.4}{Aplication server}{subsection.3.3}% 23
\BOOKMARK [2][-]{subsection.3.4}{Implementaision}{section.3}% 24
\BOOKMARK [3][-]{subsubsection.3.4.1}{CC2530}{subsection.3.4}% 25
\BOOKMARK [3][-]{subsubsection.3.4.2}{Raspberry Pi}{subsection.3.4}% 26
\BOOKMARK [3][-]{subsubsection.3.4.3}{Application Server}{subsection.3.4}% 27
\BOOKMARK [1][-]{section.4}{Conclusion}{}% 28
\BOOKMARK [1][-]{section.5}{References}{}% 29
